2015-05-06 16:32:53  [ main:0 ] - [ INFO ]  模板文件:Dao.ftl
2015-05-06 16:32:53  [ main:4 ] - [ INFO ]  输出位置:C:/Users/daniel/workspace/creditEcoSystem/kernel/credit-base/target/codegen/product/dao/CreditBlkgraylistDetailEntityDao.java
2015-05-06 16:32:53  [ main:162 ] - [ INFO ]  模板文件:DaoHibernate.ftl
2015-05-06 16:32:53  [ main:165 ] - [ INFO ]  输出位置:C:/Users/daniel/workspace/creditEcoSystem/kernel/credit-base/target/codegen/product/dao/hibernate/CreditBlkgraylistDetailEntityDaoHibernate.java
2015-05-06 16:32:53  [ main:169 ] - [ INFO ]  模板文件:Service.ftl
2015-05-06 16:32:53  [ main:170 ] - [ INFO ]  输出位置:C:/Users/daniel/workspace/creditEcoSystem/kernel/credit-base/target/codegen/product/service/CreditBlkgraylistDetailEntityService.java
2015-05-06 16:32:53  [ main:173 ] - [ INFO ]  模板文件:ServiceImpl.ftl
2015-05-06 16:32:53  [ main:173 ] - [ INFO ]  输出位置:C:/Users/daniel/workspace/creditEcoSystem/kernel/credit-base/target/codegen/product/service/impl/CreditBlkgraylistDetailEntityServiceImpl.java
2015-05-06 16:33:10  [ main:0 ] - [ INFO ]  模板文件:Dao.ftl
2015-05-06 16:33:10  [ main:2 ] - [ INFO ]  输出位置:C:/Users/daniel/workspace/creditEcoSystem/kernel/credit-base/target/codegen/product/dao/CreditBlkgraylistDetailEntityDao.java
2015-05-06 16:33:10  [ main:85 ] - [ INFO ]  模板文件:DaoHibernate.ftl
2015-05-06 16:33:10  [ main:88 ] - [ INFO ]  输出位置:C:/Users/daniel/workspace/creditEcoSystem/kernel/credit-base/target/codegen/product/dao/hibernate/CreditBlkgraylistDetailEntityDaoHibernate.java
2015-05-06 16:33:10  [ main:92 ] - [ INFO ]  模板文件:Service.ftl
2015-05-06 16:33:10  [ main:92 ] - [ INFO ]  输出位置:C:/Users/daniel/workspace/creditEcoSystem/kernel/credit-base/target/codegen/product/service/CreditBlkgraylistDetailEntityService.java
2015-05-06 16:33:10  [ main:95 ] - [ INFO ]  模板文件:ServiceImpl.ftl
2015-05-06 16:33:10  [ main:95 ] - [ INFO ]  输出位置:C:/Users/daniel/workspace/creditEcoSystem/kernel/credit-base/target/codegen/product/service/impl/CreditBlkgraylistDetailEntityServiceImpl.java
2015-05-06 16:34:36  [ main:0 ] - [ INFO ]  模板文件:Dao.ftl
2015-05-06 16:34:36  [ main:12 ] - [ INFO ]  输出位置:D:/codes/credit-base/target/codegen/product/dao/CreditBlkgraylistDetailEntityDao.java
2015-05-06 16:34:36  [ main:108 ] - [ INFO ]  模板文件:DaoHibernate.ftl
2015-05-06 16:34:36  [ main:111 ] - [ INFO ]  输出位置:D:/codes/credit-base/target/codegen/product/dao/hibernate/CreditBlkgraylistDetailEntityDaoHibernate.java
2015-05-06 16:34:36  [ main:116 ] - [ INFO ]  模板文件:Service.ftl
2015-05-06 16:34:36  [ main:116 ] - [ INFO ]  输出位置:D:/codes/credit-base/target/codegen/product/service/CreditBlkgraylistDetailEntityService.java
2015-05-06 16:34:36  [ main:121 ] - [ INFO ]  模板文件:ServiceImpl.ftl
2015-05-06 16:34:36  [ main:121 ] - [ INFO ]  输出位置:D:/codes/credit-base/target/codegen/product/service/impl/CreditBlkgraylistDetailEntityServiceImpl.java
2015-05-06 16:39:12  [ main:0 ] - [ INFO ]  模板文件:Dao.ftl
2015-05-06 16:39:12  [ main:3 ] - [ INFO ]  输出位置:D:/codes/credit-base/target/codegen/product/dao/CreditBlkgraylistDetailEntityDao.java
2015-05-06 16:39:12  [ main:109 ] - [ INFO ]  模板文件:DaoHibernate.ftl
2015-05-06 16:39:12  [ main:111 ] - [ INFO ]  输出位置:D:/codes/credit-base/target/codegen/product/dao/hibernate/CreditBlkgraylistDetailEntityDaoHibernate.java
2015-05-06 16:39:12  [ main:114 ] - [ INFO ]  模板文件:Service.ftl
2015-05-06 16:39:12  [ main:114 ] - [ INFO ]  输出位置:D:/codes/credit-base/target/codegen/product/service/CreditBlkgraylistDetailEntityService.java
2015-05-06 16:39:12  [ main:116 ] - [ INFO ]  模板文件:ServiceImpl.ftl
2015-05-06 16:39:12  [ main:116 ] - [ INFO ]  输出位置:D:/codes/credit-base/target/codegen/product/service/impl/CreditBlkgraylistDetailEntityServiceImpl.java
